Fichiers à fusionner :
F:\Records\France-5-30092017-2045\000.ts
F:\Records\France-5-30092017-2045\001.ts
F:\Records\France-5-30092017-2045\002.ts
F:\Records\France-5-30092017-2045\003.ts
F:\Records\France-5-30092017-2045\004.ts
Analyse du fichier 000.ts
Dernier PCR du fichier 000.ts :14:59:50,398
Analyse du fichier 001.ts
Raccord du fichier 001.ts au PCR : 14:59:50,398
Dernier PCR du fichier 001.ts :15:26:40,086
Analyse du fichier 002.ts
Raccord du fichier 002.ts au PCR : 15:26:40,086
Dernier PCR du fichier 002.ts :15:53:41,778
Analyse du fichier 003.ts
Raccord du fichier 003.ts au PCR : 15:53:41,778
Dernier PCR du fichier 003.ts :16:19:33,577
Analyse du fichier 004.ts
Raccord du fichier 004.ts au PCR : 16:19:33,577
Dernier PCR du fichier 004.ts :16:33:24,250
Fusion terminée en 02:32,620.
Fichier fusionné : C:\Users\Bernard\Videos\Capture\merged.ts.
Fichiers à fusionner :
F:\Records\France-2-28042018-2052\000.ts
F:\Records\France-2-28042018-2052\001.ts
F:\Records\France-2-28042018-2052\002.ts
F:\Records\France-2-28042018-2052\003.ts
F:\Records\France-2-28042018-2052\004.ts
F:\Records\France-2-28042018-2052\005.ts
F:\Records\France-2-28042018-2052\006.ts
F:\Records\France-2-28042018-2052\007.ts
Analyse du fichier 000.ts
Dernier PCR du fichier 000.ts :13:52:12,846
Analyse du fichier 001.ts
Raccord du fichier 001.ts au PCR : 13:52:12,846
Dernier PCR du fichier 001.ts :14:16:09,177
Analyse du fichier 002.ts
Raccord du fichier 002.ts au PCR : 14:16:09,177
Dernier PCR du fichier 002.ts :14:41:31,397
Analyse du fichier 003.ts
Raccord du fichier 003.ts au PCR : 14:41:31,397
Dernier PCR du fichier 003.ts :15:05:01,547
Analyse du fichier 004.ts
Raccord du fichier 004.ts au PCR : 15:05:01,547
Dernier PCR du fichier 004.ts :15:27:28,313
Analyse du fichier 005.ts
Raccord du fichier 005.ts au PCR : 15:27:28,313
Dernier PCR du fichier 005.ts :15:53:17,097
Analyse du fichier 006.ts
Raccord du fichier 006.ts au PCR : 15:53:17,097
Dernier PCR du fichier 006.ts :16:17:31,383
Analyse du fichier 007.ts
Raccord du fichier 007.ts au PCR : 16:17:31,383
Dernier PCR du fichier 007.ts :16:29:37,318
Fusion terminée en 04:53,269.
Fichier fusionné : C:\Users\Bernard\Videos\Capture\france2.ts.
Fichiers à fusionner :
C:\Users\Bernard\Videos\Documentaires\Echappées belles\Echappées belles - Saison 14 - Provence gourmande.ts
Fichier merged.ts existant. Fusion abandonnée.
Analyse du fichier Echappées belles - Saison 14 - Provence gourmande.ts
Dernier PCR du fichier Echappées belles - Saison 14 - Provence gourmande.ts :01:31:54,915
Fusion terminée en 00:47,258.
Fichier fusionné : C:\Users\Bernard\Downloads\merged.ts.
